<?xml version="1.0" encoding="UTF-8"?>
<testng-results skipped="0" failed="2" ignored="0" total="7" passed="5">
  <reporter-output>
  </reporter-output>
  <suite name="Default suite" duration-ms="129156" started-at="2019-10-18T11:21:55Z" finished-at="2019-10-18T11:24:04Z">
    <groups>
      <group name="Sanity">
        <method signature="LoginTestsDataDriven.verifyLoginToNewTours(java.lang.String, java.lang.String)[pri:1000, instance:com.newtours.tests.LoginTestsDataDriven@3891771e]" name="verifyLoginToNewTours" class="com.newtours.tests.LoginTestsDataDriven"/>
      </group> <!-- Sanity -->
    </groups>
    <test name="Default test" duration-ms="129156" started-at="2019-10-18T11:21:55Z" finished-at="2019-10-18T11:24:04Z">
      <class name="com.newtours.tests.LoginTestsDataDriven">
        <test-method status="PASS" signature="preSetup()[pri:0, instance:com.newtours.tests.LoginTestsDataDriven@3891771e]" name="preSetup" is-config="true" duration-ms="17" started-at="2019-10-18T11:21:55Z" finished-at="2019-10-18T11:21:55Z">
          <reporter-output>
          </reporter-output>
        </test-method> <!-- preSetup -->
        <test-method status="PASS" signature="setup()[pri:0, instance:com.newtours.tests.LoginTestsDataDriven@3891771e]" name="setup" is-config="true" duration-ms="27616" started-at="2019-10-18T11:21:55Z" finished-at="2019-10-18T11:22:23Z">
          <reporter-output>
          </reporter-output>
        </test-method> <!-- setup -->
        <test-method status="PASS" signature="verifyTitleOfThePageBeforeLogin()[pri:0, instance:com.newtours.tests.LoginTestsDataDriven@3891771e]" name="verifyTitleOfThePageBeforeLogin" duration-ms="18" started-at="2019-10-18T11:22:23Z" finished-at="2019-10-18T11:22:23Z">
          <reporter-output>
          </reporter-output>
        </test-method> <!-- verifyTitleOfThePageBeforeLogin -->
        <test-method status="PASS" signature="afterEveryTestcase(org.testng.ITestResult)[pri:0, instance:com.newtours.tests.LoginTestsDataDriven@3891771e]" name="afterEveryTestcase" is-config="true" duration-ms="3" started-at="2019-10-18T11:22:23Z" finished-at="2019-10-18T11:22:23Z">
          <params>
            <param index="0">
              <value>
                <![CDATA[[TestResult name=verifyTitleOfThePageBeforeLogin status=SUCCESS method=LoginTestsDataDriven.verifyTitleOfThePageBeforeLogin()[pri:0, instance:com.newtours.tests.LoginTestsDataDriven@3891771e] output={null}]]]>
              </value>
            </param>
          </params>
          <reporter-output>
          </reporter-output>
        </test-method> <!-- afterEveryTestcase -->
        <test-method status="PASS" signature="verifyLoginToNewTours(java.lang.String, java.lang.String)[pri:1000, instance:com.newtours.tests.LoginTestsDataDriven@3891771e]" name="verifyLoginToNewTours" duration-ms="10745" started-at="2019-10-18T11:22:24Z" data-provider="getData" finished-at="2019-10-18T11:22:34Z">
          <params>
            <param index="0">
              <value>
                <![CDATA[mercury]]>
              </value>
            </param>
            <param index="1">
              <value>
                <![CDATA[mercury]]>
              </value>
            </param>
          </params>
          <reporter-output>
          </reporter-output>
        </test-method> <!-- verifyLoginToNewTours -->
        <test-method status="PASS" signature="afterEveryTestcase(org.testng.ITestResult)[pri:0, instance:com.newtours.tests.LoginTestsDataDriven@3891771e]" name="afterEveryTestcase" is-config="true" duration-ms="2" started-at="2019-10-18T11:22:34Z" finished-at="2019-10-18T11:22:34Z">
          <params>
            <param index="0">
              <value>
                <![CDATA[[TestResult name=verifyLoginToNewTours status=SUCCESS method=LoginTestsDataDriven.verifyLoginToNewTours(java.lang.String, java.lang.String)[pri:1000, instance:com.newtours.tests.LoginTestsDataDriven@3891771e] output={null}]]]>
              </value>
            </param>
          </params>
          <reporter-output>
          </reporter-output>
        </test-method> <!-- afterEveryTestcase -->
        <test-method status="PASS" signature="verifyLoginToNewTours(java.lang.String, java.lang.String)[pri:1000, instance:com.newtours.tests.LoginTestsDataDriven@3891771e]" name="verifyLoginToNewTours" duration-ms="11351" started-at="2019-10-18T11:22:34Z" data-provider="getData" finished-at="2019-10-18T11:22:46Z">
          <params>
            <param index="0">
              <value>
                <![CDATA[mercury]]>
              </value>
            </param>
            <param index="1">
              <value>
                <![CDATA[mercury]]>
              </value>
            </param>
          </params>
          <reporter-output>
          </reporter-output>
        </test-method> <!-- verifyLoginToNewTours -->
        <test-method status="PASS" signature="afterEveryTestcase(org.testng.ITestResult)[pri:0, instance:com.newtours.tests.LoginTestsDataDriven@3891771e]" name="afterEveryTestcase" is-config="true" duration-ms="1" started-at="2019-10-18T11:22:46Z" finished-at="2019-10-18T11:22:46Z">
          <params>
            <param index="0">
              <value>
                <![CDATA[[TestResult name=verifyLoginToNewTours status=SUCCESS method=LoginTestsDataDriven.verifyLoginToNewTours(java.lang.String, java.lang.String)[pri:1000, instance:com.newtours.tests.LoginTestsDataDriven@3891771e] output={null}]]]>
              </value>
            </param>
          </params>
          <reporter-output>
          </reporter-output>
        </test-method> <!-- afterEveryTestcase -->
        <test-method status="PASS" signature="verifyLoginToNewTours(java.lang.String, java.lang.String)[pri:1000, instance:com.newtours.tests.LoginTestsDataDriven@3891771e]" name="verifyLoginToNewTours" duration-ms="7860" started-at="2019-10-18T11:22:46Z" data-provider="getData" finished-at="2019-10-18T11:22:54Z">
          <params>
            <param index="0">
              <value>
                <![CDATA[mercury]]>
              </value>
            </param>
            <param index="1">
              <value>
                <![CDATA[mercury]]>
              </value>
            </param>
          </params>
          <reporter-output>
          </reporter-output>
        </test-method> <!-- verifyLoginToNewTours -->
        <test-method status="PASS" signature="afterEveryTestcase(org.testng.ITestResult)[pri:0, instance:com.newtours.tests.LoginTestsDataDriven@3891771e]" name="afterEveryTestcase" is-config="true" duration-ms="2" started-at="2019-10-18T11:22:54Z" finished-at="2019-10-18T11:22:54Z">
          <params>
            <param index="0">
              <value>
                <![CDATA[[TestResult name=verifyLoginToNewTours status=SUCCESS method=LoginTestsDataDriven.verifyLoginToNewTours(java.lang.String, java.lang.String)[pri:1000, instance:com.newtours.tests.LoginTestsDataDriven@3891771e] output={null}]]]>
              </value>
            </param>
          </params>
          <reporter-output>
          </reporter-output>
        </test-method> <!-- afterEveryTestcase -->
        <test-method status="PASS" signature="verifyLoginToNewTours(java.lang.String, java.lang.String)[pri:1000, instance:com.newtours.tests.LoginTestsDataDriven@3891771e]" name="verifyLoginToNewTours" duration-ms="8997" started-at="2019-10-18T11:22:54Z" data-provider="getData" finished-at="2019-10-18T11:23:03Z">
          <params>
            <param index="0">
              <value>
                <![CDATA[mercury]]>
              </value>
            </param>
            <param index="1">
              <value>
                <![CDATA[mercury]]>
              </value>
            </param>
          </params>
          <reporter-output>
          </reporter-output>
        </test-method> <!-- verifyLoginToNewTours -->
        <test-method status="PASS" signature="afterEveryTestcase(org.testng.ITestResult)[pri:0, instance:com.newtours.tests.LoginTestsDataDriven@3891771e]" name="afterEveryTestcase" is-config="true" duration-ms="2" started-at="2019-10-18T11:23:03Z" finished-at="2019-10-18T11:23:03Z">
          <params>
            <param index="0">
              <value>
                <![CDATA[[TestResult name=verifyLoginToNewTours status=SUCCESS method=LoginTestsDataDriven.verifyLoginToNewTours(java.lang.String, java.lang.String)[pri:1000, instance:com.newtours.tests.LoginTestsDataDriven@3891771e] output={null}]]]>
              </value>
            </param>
          </params>
          <reporter-output>
          </reporter-output>
        </test-method> <!-- afterEveryTestcase -->
        <test-method status="FAIL" signature="verifyLoginToNewTours(java.lang.String, java.lang.String)[pri:1000, instance:com.newtours.tests.LoginTestsDataDriven@3891771e]" name="verifyLoginToNewTours" duration-ms="30325" started-at="2019-10-18T11:23:03Z" data-provider="getData" finished-at="2019-10-18T11:23:33Z">
          <params>
            <param index="0">
              <value>
                <![CDATA[mercury]]>
              </value>
            </param>
            <param index="1">
              <value>
                <![CDATA[mercury]]>
              </value>
            </param>
          </params>
          <exception class="org.openqa.selenium.TimeoutException">
            <message>
              <![CDATA[timeout
  (Session info: chrome=77.0.3865.120)
Build info: version: '3.141.59', revision: 'e82be7d358', time: '2018-11-14T08:17:03'
System info: host: 'DESKTOP-R0QK2O8', ip: '192.168.104.46', os.name: 'Windows 10', os.arch: 'amd64', os.version: '10.0', java.version: '1.8.0_121'
Driver info: org.openqa.selenium.chrome.ChromeDriver
Capabilities {acceptInsecureCerts: false, browserName: chrome, browserVersion: 77.0.3865.120, chrome: {chromedriverVersion: 76.0.3809.126 (d80a294506b4..., userDataDir: C:\Users\SAURAB~1\AppData\L...}, goog:chromeOptions: {debuggerAddress: localhost:49843}, javascriptEnabled: true, networkConnectionEnabled: false, pageLoadStrategy: normal, platform: XP, platformName: XP, proxy: Proxy(), setWindowRect: true, strictFileInteractability: false, timeouts: {implicit: 0, pageLoad: 300000, script: 30000}, unhandledPromptBehavior: dismiss and notify}
Session ID: 0c0d1891e9abda4225d445cec62d6d0a]]>
            </message>
            <full-stacktrace>
              <![CDATA[org.openqa.selenium.TimeoutException: timeout
  (Session info: chrome=77.0.3865.120)
Build info: version: '3.141.59', revision: 'e82be7d358', time: '2018-11-14T08:17:03'
System info: host: 'DESKTOP-R0QK2O8', ip: '192.168.104.46', os.name: 'Windows 10', os.arch: 'amd64', os.version: '10.0', java.version: '1.8.0_121'
Driver info: org.openqa.selenium.chrome.ChromeDriver
Capabilities {acceptInsecureCerts: false, browserName: chrome, browserVersion: 77.0.3865.120, chrome: {chromedriverVersion: 76.0.3809.126 (d80a294506b4..., userDataDir: C:\Users\SAURAB~1\AppData\L...}, goog:chromeOptions: {debuggerAddress: localhost:49843}, javascriptEnabled: true, networkConnectionEnabled: false, pageLoadStrategy: normal, platform: XP, platformName: XP, proxy: Proxy(), setWindowRect: true, strictFileInteractability: false, timeouts: {implicit: 0, pageLoad: 300000, script: 30000}, unhandledPromptBehavior: dismiss and notify}
Session ID: 0c0d1891e9abda4225d445cec62d6d0a
at sun.reflect.NativeConstructorAccessorImpl.newInstance0(Native Method)
at sun.reflect.NativeConstructorAccessorImpl.newInstance(Unknown Source)
at sun.reflect.DelegatingConstructorAccessorImpl.newInstance(Unknown Source)
at java.lang.reflect.Constructor.newInstance(Unknown Source)
at org.openqa.selenium.remote.http.W3CHttpResponseCodec.createException(W3CHttpResponseCodec.java:187)
at org.openqa.selenium.remote.http.W3CHttpResponseCodec.decode(W3CHttpResponseCodec.java:122)
at org.openqa.selenium.remote.http.W3CHttpResponseCodec.decode(W3CHttpResponseCodec.java:49)
at org.openqa.selenium.remote.HttpCommandExecutor.execute(HttpCommandExecutor.java:158)
at org.openqa.selenium.remote.service.DriverCommandExecutor.execute(DriverCommandExecutor.java:83)
at org.openqa.selenium.remote.RemoteWebDriver.execute(RemoteWebDriver.java:552)
at org.openqa.selenium.remote.RemoteWebElement.execute(RemoteWebElement.java:285)
at org.openqa.selenium.remote.RemoteWebElement.click(RemoteWebElement.java:84)
at sun.reflect.NativeMethodAccessorImpl.invoke0(Native Method)
at sun.reflect.NativeMethodAccessorImpl.invoke(Unknown Source)
at sun.reflect.DelegatingMethodAccessorImpl.invoke(Unknown Source)
at java.lang.reflect.Method.invoke(Unknown Source)
at org.openqa.selenium.support.pagefactory.internal.LocatingElementHandler.invoke(LocatingElementHandler.java:51)
at com.sun.proxy.$Proxy12.click(Unknown Source)
at commonLibs.implementation.ElementControl.clickElement(ElementControl.java:18)
at com.newtours.pages.LoginPage.login(LoginPage.java:32)
at com.newtours.tests.LoginTestsDataDriven.verifyLoginToNewTours(LoginTestsDataDriven.java:31)
at sun.reflect.NativeMethodAccessorImpl.invoke0(Native Method)
at sun.reflect.NativeMethodAccessorImpl.invoke(Unknown Source)
at sun.reflect.DelegatingMethodAccessorImpl.invoke(Unknown Source)
at java.lang.reflect.Method.invoke(Unknown Source)
at org.testng.internal.MethodInvocationHelper.invokeMethod(MethodInvocationHelper.java:124)
at org.testng.internal.Invoker.invokeMethod(Invoker.java:583)
at org.testng.internal.Invoker.invokeTestMethod(Invoker.java:719)
at org.testng.internal.Invoker.invokeTestMethods(Invoker.java:989)
at org.testng.internal.TestMethodWorker.invokeTestMethods(TestMethodWorker.java:125)
at org.testng.internal.TestMethodWorker.run(TestMethodWorker.java:109)
at org.testng.TestRunner.privateRun(TestRunner.java:648)
at org.testng.TestRunner.run(TestRunner.java:505)
at org.testng.SuiteRunner.runTest(SuiteRunner.java:455)
at org.testng.SuiteRunner.runSequentially(SuiteRunner.java:450)
at org.testng.SuiteRunner.privateRun(SuiteRunner.java:415)
at org.testng.SuiteRunner.run(SuiteRunner.java:364)
at org.testng.SuiteRunnerWorker.runSuite(SuiteRunnerWorker.java:52)
at org.testng.SuiteRunnerWorker.run(SuiteRunnerWorker.java:84)
at org.testng.TestNG.runSuitesSequentially(TestNG.java:1208)
at org.testng.TestNG.runSuitesLocally(TestNG.java:1137)
at org.testng.TestNG.runSuites(TestNG.java:1049)
at org.testng.TestNG.run(TestNG.java:1017)
at org.testng.remote.AbstractRemoteTestNG.run(AbstractRemoteTestNG.java:132)
at org.testng.remote.RemoteTestNG.initAndRun(RemoteTestNG.java:230)
at org.testng.remote.RemoteTestNG.main(RemoteTestNG.java:76)
]]>
            </full-stacktrace>
          </exception> <!-- org.openqa.selenium.TimeoutException -->
          <reporter-output>
          </reporter-output>
        </test-method> <!-- verifyLoginToNewTours -->
        <test-method status="PASS" signature="afterEveryTestcase(org.testng.ITestResult)[pri:0, instance:com.newtours.tests.LoginTestsDataDriven@3891771e]" name="afterEveryTestcase" is-config="true" duration-ms="425" started-at="2019-10-18T11:23:33Z" finished-at="2019-10-18T11:23:33Z">
          <params>
            <param index="0">
              <value>
                <![CDATA[[TestResult name=verifyLoginToNewTours status=FAILURE method=LoginTestsDataDriven.verifyLoginToNewTours(java.lang.String, java.lang.String)[pri:1000, instance:com.newtours.tests.LoginTestsDataDriven@3891771e] output={null}]]]>
              </value>
            </param>
          </params>
          <reporter-output>
          </reporter-output>
        </test-method> <!-- afterEveryTestcase -->
        <test-method status="FAIL" signature="verifyLoginToNewTours(java.lang.String, java.lang.String)[pri:1000, instance:com.newtours.tests.LoginTestsDataDriven@3891771e]" name="verifyLoginToNewTours" duration-ms="30266" started-at="2019-10-18T11:23:33Z" data-provider="getData" finished-at="2019-10-18T11:24:04Z">
          <params>
            <param index="0">
              <value>
                <![CDATA[mercury]]>
              </value>
            </param>
            <param index="1">
              <value>
                <![CDATA[mercury]]>
              </value>
            </param>
          </params>
          <exception class="org.openqa.selenium.TimeoutException">
            <message>
              <![CDATA[timeout
  (Session info: chrome=77.0.3865.120)
Build info: version: '3.141.59', revision: 'e82be7d358', time: '2018-11-14T08:17:03'
System info: host: 'DESKTOP-R0QK2O8', ip: '192.168.104.46', os.name: 'Windows 10', os.arch: 'amd64', os.version: '10.0', java.version: '1.8.0_121'
Driver info: org.openqa.selenium.chrome.ChromeDriver
Capabilities {acceptInsecureCerts: false, browserName: chrome, browserVersion: 77.0.3865.120, chrome: {chromedriverVersion: 76.0.3809.126 (d80a294506b4..., userDataDir: C:\Users\SAURAB~1\AppData\L...}, goog:chromeOptions: {debuggerAddress: localhost:49843}, javascriptEnabled: true, networkConnectionEnabled: false, pageLoadStrategy: normal, platform: XP, platformName: XP, proxy: Proxy(), setWindowRect: true, strictFileInteractability: false, timeouts: {implicit: 0, pageLoad: 300000, script: 30000}, unhandledPromptBehavior: dismiss and notify}
Session ID: 0c0d1891e9abda4225d445cec62d6d0a]]>
            </message>
            <full-stacktrace>
              <![CDATA[org.openqa.selenium.TimeoutException: timeout
  (Session info: chrome=77.0.3865.120)
Build info: version: '3.141.59', revision: 'e82be7d358', time: '2018-11-14T08:17:03'
System info: host: 'DESKTOP-R0QK2O8', ip: '192.168.104.46', os.name: 'Windows 10', os.arch: 'amd64', os.version: '10.0', java.version: '1.8.0_121'
Driver info: org.openqa.selenium.chrome.ChromeDriver
Capabilities {acceptInsecureCerts: false, browserName: chrome, browserVersion: 77.0.3865.120, chrome: {chromedriverVersion: 76.0.3809.126 (d80a294506b4..., userDataDir: C:\Users\SAURAB~1\AppData\L...}, goog:chromeOptions: {debuggerAddress: localhost:49843}, javascriptEnabled: true, networkConnectionEnabled: false, pageLoadStrategy: normal, platform: XP, platformName: XP, proxy: Proxy(), setWindowRect: true, strictFileInteractability: false, timeouts: {implicit: 0, pageLoad: 300000, script: 30000}, unhandledPromptBehavior: dismiss and notify}
Session ID: 0c0d1891e9abda4225d445cec62d6d0a
at sun.reflect.NativeConstructorAccessorImpl.newInstance0(Native Method)
at sun.reflect.NativeConstructorAccessorImpl.newInstance(Unknown Source)
at sun.reflect.DelegatingConstructorAccessorImpl.newInstance(Unknown Source)
at java.lang.reflect.Constructor.newInstance(Unknown Source)
at org.openqa.selenium.remote.http.W3CHttpResponseCodec.createException(W3CHttpResponseCodec.java:187)
at org.openqa.selenium.remote.http.W3CHttpResponseCodec.decode(W3CHttpResponseCodec.java:122)
at org.openqa.selenium.remote.http.W3CHttpResponseCodec.decode(W3CHttpResponseCodec.java:49)
at org.openqa.selenium.remote.HttpCommandExecutor.execute(HttpCommandExecutor.java:158)
at org.openqa.selenium.remote.service.DriverCommandExecutor.execute(DriverCommandExecutor.java:83)
at org.openqa.selenium.remote.RemoteWebDriver.execute(RemoteWebDriver.java:552)
at org.openqa.selenium.remote.RemoteWebElement.execute(RemoteWebElement.java:285)
at org.openqa.selenium.remote.RemoteWebElement.click(RemoteWebElement.java:84)
at sun.reflect.NativeMethodAccessorImpl.invoke0(Native Method)
at sun.reflect.NativeMethodAccessorImpl.invoke(Unknown Source)
at sun.reflect.DelegatingMethodAccessorImpl.invoke(Unknown Source)
at java.lang.reflect.Method.invoke(Unknown Source)
at org.openqa.selenium.support.pagefactory.internal.LocatingElementHandler.invoke(LocatingElementHandler.java:51)
at com.sun.proxy.$Proxy12.click(Unknown Source)
at commonLibs.implementation.ElementControl.clickElement(ElementControl.java:18)
at com.newtours.pages.LoginPage.login(LoginPage.java:32)
at com.newtours.tests.LoginTestsDataDriven.verifyLoginToNewTours(LoginTestsDataDriven.java:31)
at sun.reflect.NativeMethodAccessorImpl.invoke0(Native Method)
at sun.reflect.NativeMethodAccessorImpl.invoke(Unknown Source)
at sun.reflect.DelegatingMethodAccessorImpl.invoke(Unknown Source)
at java.lang.reflect.Method.invoke(Unknown Source)
at org.testng.internal.MethodInvocationHelper.invokeMethod(MethodInvocationHelper.java:124)
at org.testng.internal.Invoker.invokeMethod(Invoker.java:583)
at org.testng.internal.Invoker.invokeTestMethod(Invoker.java:719)
at org.testng.internal.Invoker.invokeTestMethods(Invoker.java:989)
at org.testng.internal.TestMethodWorker.invokeTestMethods(TestMethodWorker.java:125)
at org.testng.internal.TestMethodWorker.run(TestMethodWorker.java:109)
at org.testng.TestRunner.privateRun(TestRunner.java:648)
at org.testng.TestRunner.run(TestRunner.java:505)
at org.testng.SuiteRunner.runTest(SuiteRunner.java:455)
at org.testng.SuiteRunner.runSequentially(SuiteRunner.java:450)
at org.testng.SuiteRunner.privateRun(SuiteRunner.java:415)
at org.testng.SuiteRunner.run(SuiteRunner.java:364)
at org.testng.SuiteRunnerWorker.runSuite(SuiteRunnerWorker.java:52)
at org.testng.SuiteRunnerWorker.run(SuiteRunnerWorker.java:84)
at org.testng.TestNG.runSuitesSequentially(TestNG.java:1208)
at org.testng.TestNG.runSuitesLocally(TestNG.java:1137)
at org.testng.TestNG.runSuites(TestNG.java:1049)
at org.testng.TestNG.run(TestNG.java:1017)
at org.testng.remote.AbstractRemoteTestNG.run(AbstractRemoteTestNG.java:132)
at org.testng.remote.RemoteTestNG.initAndRun(RemoteTestNG.java:230)
at org.testng.remote.RemoteTestNG.main(RemoteTestNG.java:76)
]]>
            </full-stacktrace>
          </exception> <!-- org.openqa.selenium.TimeoutException -->
          <reporter-output>
          </reporter-output>
        </test-method> <!-- verifyLoginToNewTours -->
        <test-method status="FAIL" signature="afterEveryTestcase(org.testng.ITestResult)[pri:0, instance:com.newtours.tests.LoginTestsDataDriven@3891771e]" name="afterEveryTestcase" is-config="true" duration-ms="3" started-at="2019-10-18T11:24:04Z" finished-at="2019-10-18T11:24:04Z">
          <params>
            <param index="0">
              <value>
                <![CDATA[[TestResult name=verifyLoginToNewTours status=FAILURE method=LoginTestsDataDriven.verifyLoginToNewTours(java.lang.String, java.lang.String)[pri:1000, instance:com.newtours.tests.LoginTestsDataDriven@3891771e] output={null}]]]>
              </value>
            </param>
          </params>
          <exception class="java.lang.Exception">
            <message>
              <![CDATA[File already exists..]]>
            </message>
            <full-stacktrace>
              <![CDATA[java.lang.Exception: File already exists..
at commonLibs.implementation.ScreenshotControl.captureAndSaveScreenshot(ScreenshotControl.java:29)
at com.newtours.tests.Basetests.afterEveryTestcase(Basetests.java:99)
at sun.reflect.NativeMethodAccessorImpl.invoke0(Native Method)
at sun.reflect.NativeMethodAccessorImpl.invoke(Unknown Source)
at sun.reflect.DelegatingMethodAccessorImpl.invoke(Unknown Source)
at java.lang.reflect.Method.invoke(Unknown Source)
at org.testng.internal.MethodInvocationHelper.invokeMethod(MethodInvocationHelper.java:124)
at org.testng.internal.MethodInvocationHelper.invokeMethodConsideringTimeout(MethodInvocationHelper.java:59)
at org.testng.internal.Invoker.invokeConfigurationMethod(Invoker.java:458)
at org.testng.internal.Invoker.invokeConfigurations(Invoker.java:222)
at org.testng.internal.Invoker.invokeMethod(Invoker.java:646)
at org.testng.internal.Invoker.invokeTestMethod(Invoker.java:719)
at org.testng.internal.Invoker.invokeTestMethods(Invoker.java:989)
at org.testng.internal.TestMethodWorker.invokeTestMethods(TestMethodWorker.java:125)
at org.testng.internal.TestMethodWorker.run(TestMethodWorker.java:109)
at org.testng.TestRunner.privateRun(TestRunner.java:648)
at org.testng.TestRunner.run(TestRunner.java:505)
at org.testng.SuiteRunner.runTest(SuiteRunner.java:455)
at org.testng.SuiteRunner.runSequentially(SuiteRunner.java:450)
at org.testng.SuiteRunner.privateRun(SuiteRunner.java:415)
at org.testng.SuiteRunner.run(SuiteRunner.java:364)
at org.testng.SuiteRunnerWorker.runSuite(SuiteRunnerWorker.java:52)
at org.testng.SuiteRunnerWorker.run(SuiteRunnerWorker.java:84)
at org.testng.TestNG.runSuitesSequentially(TestNG.java:1208)
at org.testng.TestNG.runSuitesLocally(TestNG.java:1137)
at org.testng.TestNG.runSuites(TestNG.java:1049)
at org.testng.TestNG.run(TestNG.java:1017)
at org.testng.remote.AbstractRemoteTestNG.run(AbstractRemoteTestNG.java:132)
at org.testng.remote.RemoteTestNG.initAndRun(RemoteTestNG.java:230)
at org.testng.remote.RemoteTestNG.main(RemoteTestNG.java:76)
]]>
            </full-stacktrace>
          </exception> <!-- java.lang.Exception -->
          <reporter-output>
          </reporter-output>
        </test-method> <!-- afterEveryTestcase -->
        <test-method status="PASS" signature="cleanUp()[pri:0, instance:com.newtours.tests.LoginTestsDataDriven@3891771e]" name="cleanUp" is-config="true" duration-ms="744" started-at="2019-10-18T11:24:04Z" finished-at="2019-10-18T11:24:04Z">
          <reporter-output>
          </reporter-output>
        </test-method> <!-- cleanUp -->
        <test-method status="PASS" signature="postCleanup()[pri:0, instance:com.newtours.tests.LoginTestsDataDriven@3891771e]" name="postCleanup" is-config="true" duration-ms="461" started-at="2019-10-18T11:24:04Z" finished-at="2019-10-18T11:24:05Z">
          <reporter-output>
          </reporter-output>
        </test-method> <!-- postCleanup -->
      </class> <!-- com.newtours.tests.LoginTestsDataDriven -->
    </test> <!-- Default test -->
  </suite> <!-- Default suite -->
</testng-results>
