<?xml version="1.0" encoding="UTF-8"?>
<!-- Generated by org.testng.reporters.JUnitXMLReporter -->
<testsuite hostname="DESKTOP-R0QK2O8" ignored="1" name="Test" tests="1" failures="0" timestamp="18 Oct 2019 09:36:04 GMT" time="105.853" errors="0">
  <testcase name="@BeforeClass setup" time="105.087" classname="com.newtours.tests.Basetests">
    <failure type="org.openqa.selenium.TimeoutException" message="timeout
  (Session info: chrome=77.0.3865.120)
Build info: version: &amp;apos;3.141.59&amp;apos;, revision: &amp;apos;e82be7d358&amp;apos;, time: &amp;apos;2018-11-14T08:17:03&amp;apos;
System info: host: &amp;apos;DESKTOP-R0QK2O8&amp;apos;, ip: &amp;apos;192.168.104.46&amp;apos;, os.name: &amp;apos;Windows 10&amp;apos;, os.arch: &amp;apos;amd64&amp;apos;, os.version: &amp;apos;10.0&amp;apos;, java.version: &amp;apos;1.8.0_121&amp;apos;
Driver info: org.openqa.selenium.chrome.ChromeDriver
Capabilities {acceptInsecureCerts: false, browserName: chrome, browserVersion: 77.0.3865.120, chrome: {chromedriverVersion: 76.0.3809.126 (d80a294506b4..., userDataDir: C:\Users\SAURAB~1\AppData\L...}, goog:chromeOptions: {debuggerAddress: localhost:63819}, javascriptEnabled: true, networkConnectionEnabled: false, pageLoadStrategy: normal, platform: XP, platformName: XP, proxy: Proxy(), setWindowRect: true, strictFileInteractability: false, timeouts: {implicit: 0, pageLoad: 300000, script: 30000}, unhandledPromptBehavior: dismiss and notify}
Session ID: bcf6b4588f5d350c10741f7c8d2a868d">
      <![CDATA[org.openqa.selenium.TimeoutException: timeout
  (Session info: chrome=77.0.3865.120)
Build info: version: '3.141.59', revision: 'e82be7d358', time: '2018-11-14T08:17:03'
System info: host: 'DESKTOP-R0QK2O8', ip: '192.168.104.46', os.name: 'Windows 10', os.arch: 'amd64', os.version: '10.0', java.version: '1.8.0_121'
Driver info: org.openqa.selenium.chrome.ChromeDriver
Capabilities {acceptInsecureCerts: false, browserName: chrome, browserVersion: 77.0.3865.120, chrome: {chromedriverVersion: 76.0.3809.126 (d80a294506b4..., userDataDir: C:\Users\SAURAB~1\AppData\L...}, goog:chromeOptions: {debuggerAddress: localhost:63819}, javascriptEnabled: true, networkConnectionEnabled: false, pageLoadStrategy: normal, platform: XP, platformName: XP, proxy: Proxy(), setWindowRect: true, strictFileInteractability: false, timeouts: {implicit: 0, pageLoad: 300000, script: 30000}, unhandledPromptBehavior: dismiss and notify}
Session ID: bcf6b4588f5d350c10741f7c8d2a868d
at org.openqa.selenium.remote.http.W3CHttpResponseCodec.createException(W3CHttpResponseCodec.java:187)
at org.openqa.selenium.remote.http.W3CHttpResponseCodec.decode(W3CHttpResponseCodec.java:122)
at org.openqa.selenium.remote.http.W3CHttpResponseCodec.decode(W3CHttpResponseCodec.java:49)
at org.openqa.selenium.remote.HttpCommandExecutor.execute(HttpCommandExecutor.java:158)
at org.openqa.selenium.remote.service.DriverCommandExecutor.execute(DriverCommandExecutor.java:83)
at org.openqa.selenium.remote.RemoteWebDriver.execute(RemoteWebDriver.java:552)
at org.openqa.selenium.remote.RemoteWebDriver.get(RemoteWebDriver.java:277)
at commonLibs.implementation.CommonDriver.navigateToFirstUrl(CommonDriver.java:74)
at com.newtours.tests.Basetests.invokeBrowser(Basetests.java:127)
at com.newtours.tests.Basetests.setup(Basetests.java:66)
... Removed 30 stack frames]]>
    </failure>
  </testcase> <!-- @BeforeClass setup -->
  <testcase name="verifyLoginToNewTours" time="0.0" classname="com.newtours.tests.LoginTests">
    <skipped/>
  </testcase> <!-- verifyLoginToNewTours -->
  <testcase name="verifyTitleOfThePageBeforeLogin" time="0.0" classname="com.newtours.tests.LoginTests">
    <ignored/>
  </testcase> <!-- verifyTitleOfThePageBeforeLogin -->
</testsuite> <!-- Test -->
